<?xml version="1.0" encoding="UTF-8"?>
<coverage generated="1588219480">
  <project timestamp="1588219480">
    <package name="Charcoal\Validator">
      <file name="/Users/mat/Web/untitled folder/charcoal-validator/src/DateRule.php">
        <class name="Charcoal\Validator\DateRule" namespace="Charcoal\Validator">
          <metrics complexity="20" methods="4" coveredmethods="4" conditionals="0" coveredconditionals="0" statements="39" coveredstatements="39" elements="43" coveredelements="43"/>
        </class>
        <line num="41" type="method" name="__construct" visibility="public" complexity="4" crap="4" count="14"/>
        <line num="43" type="stmt" count="14"/>
        <line num="44" type="stmt" count="10"/>
        <line num="46" type="stmt" count="12"/>
        <line num="47" type="stmt" count="4"/>
        <line num="49" type="stmt" count="10"/>
        <line num="50" type="stmt" count="2"/>
        <line num="52" type="stmt" count="10"/>
        <line num="58" type="method" name="process" visibility="public" complexity="9" crap="9" count="10"/>
        <line num="61" type="stmt" count="10"/>
        <line num="62" type="stmt" count="2"/>
        <line num="66" type="stmt" count="8"/>
        <line num="67" type="stmt" count="4"/>
        <line num="68" type="stmt" count="4"/>
        <line num="69" type="stmt" count="2"/>
        <line num="71" type="stmt" count="2"/>
        <line num="75" type="stmt" count="4"/>
        <line num="76" type="stmt" count="2"/>
        <line num="77" type="stmt" count="2"/>
        <line num="78" type="stmt" count="2"/>
        <line num="82" type="stmt" count="4"/>
        <line num="83" type="stmt" count="2"/>
        <line num="84" type="stmt" count="2"/>
        <line num="85" type="stmt" count="2"/>
        <line num="89" type="stmt" count="4"/>
        <line num="97" type="method" name="parseDate" visibility="private" complexity="4" crap="4" count="14"/>
        <line num="99" type="stmt" count="14"/>
        <line num="101" type="stmt" count="12"/>
        <line num="102" type="stmt" count="6"/>
        <line num="103" type="stmt" count="6"/>
        <line num="104" type="stmt" count="6"/>
        <line num="108" type="stmt" count="8"/>
        <line num="109" type="stmt" count="6"/>
        <line num="113" type="stmt" count="6"/>
        <line num="119" type="method" name="messages" visibility="protected" complexity="3" crap="3" count="10"/>
        <line num="121" type="stmt" count="10"/>
        <line num="122" type="stmt" count="10"/>
        <line num="124" type="stmt" count="10"/>
        <line num="125" type="stmt" count="10"/>
        <line num="126" type="stmt" count="10"/>
        <line num="127" type="stmt" count="10"/>
        <line num="128" type="stmt" count="10"/>
        <line num="129" type="stmt" count="10"/>
        <metrics loc="132" ncloc="92" classes="1" methods="4" coveredmethods="4" conditionals="0" coveredconditionals="0" statements="39" coveredstatements="39" elements="43" coveredelements="43"/>
      </file>
      <file name="/Users/mat/Web/untitled folder/charcoal-validator/src/EmailRule.php">
        <class name="Charcoal\Validator\EmailRule" namespace="Charcoal\Validator">
          <metrics complexity="12" methods="5" coveredmethods="5" conditionals="0" coveredconditionals="0" statements="18" coveredstatements="18" elements="23" coveredelements="23"/>
        </class>
        <line num="20" type="method" name="__construct" visibility="public" complexity="2" crap="2" count="68"/>
        <line num="22" type="stmt" count="68"/>
        <line num="23" type="stmt" count="2"/>
        <line num="25" type="stmt" count="68"/>
        <line num="31" type="method" name="process" visibility="public" complexity="6" crap="6" count="68"/>
        <line num="34" type="stmt" count="68"/>
        <line num="35" type="stmt" count="2"/>
        <line num="38" type="stmt" count="66"/>
        <line num="39" type="stmt" count="2"/>
        <line num="42" type="stmt" count="64"/>
        <line num="43" type="stmt" count="42"/>
        <line num="46" type="stmt" count="22"/>
        <line num="47" type="stmt" count="2"/>
        <line num="50" type="stmt" count="22"/>
        <line num="58" type="method" name="validateEmail" visibility="private" complexity="1" crap="1" count="64"/>
        <line num="60" type="stmt" count="64"/>
        <line num="67" type="method" name="validateMx" visibility="private" complexity="2" crap="2" count="22"/>
        <line num="69" type="stmt" count="22"/>
        <line num="70" type="stmt" count="2"/>
        <line num="71" type="stmt" count="2"/>
        <line num="73" type="stmt" count="20"/>
        <line num="80" type="method" name="messages" visibility="public" complexity="1" crap="1" count="68"/>
        <line num="83" type="stmt" count="68"/>
        <metrics loc="90" ncloc="64" classes="1" methods="5" coveredmethods="5" conditionals="0" coveredconditionals="0" statements="18" coveredstatements="18" elements="23" coveredelements="23"/>
      </file>
      <file name="/Users/mat/Web/untitled folder/charcoal-validator/src/EmptyRule.php">
        <class name="Charcoal\Validator\EmptyRule" namespace="Charcoal\Validator">
          <metrics complexity="9" methods="5" coveredmethods="5" conditionals="0" coveredconditionals="0" statements="13" coveredstatements="13" elements="18" coveredelements="18"/>
        </class>
        <line num="21" type="method" name="__construct" visibility="public" complexity="2" crap="2" count="5"/>
        <line num="23" type="stmt" count="5"/>
        <line num="24" type="stmt" count="4"/>
        <line num="26" type="stmt" count="5"/>
        <line num="32" type="method" name="process" visibility="public" complexity="2" crap="2" count="5"/>
        <line num="34" type="stmt" count="5"/>
        <line num="35" type="stmt" count="2"/>
        <line num="37" type="stmt" count="3"/>
        <line num="45" type="method" name="validateIsEmpty" visibility="protected" complexity="2" crap="2" count="2"/>
        <line num="47" type="stmt" count="2"/>
        <line num="48" type="stmt" count="2"/>
        <line num="50" type="stmt" count="2"/>
        <line num="58" type="method" name="validateIsNotEmpty" visibility="protected" complexity="2" crap="2" count="3"/>
        <line num="60" type="stmt" count="3"/>
        <line num="61" type="stmt" count="3"/>
        <line num="63" type="stmt" count="3"/>
        <line num="70" type="method" name="messages" visibility="protected" complexity="1" crap="1" count="5"/>
        <line num="73" type="stmt" count="5"/>
        <metrics loc="79" ncloc="54" classes="1" methods="5" coveredmethods="5" conditionals="0" coveredconditionals="0" statements="13" coveredstatements="13" elements="18" coveredelements="18"/>
      </file>
      <file name="/Users/mat/Web/untitled folder/charcoal-validator/src/FilesizeRule.php">
        <class name="Charcoal\Validator\FilesizeRule" namespace="Charcoal\Validator">
          <metrics complexity="28" methods="7" coveredmethods="5" conditionals="0" coveredconditionals="0" statements="57" coveredstatements="55" elements="64" coveredelements="60"/>
        </class>
        <line num="35" type="method" name="__construct" visibility="public" complexity="5" crap="5" count="17"/>
        <line num="37" type="stmt" count="17"/>
        <line num="38" type="stmt" count="13"/>
        <line num="40" type="stmt" count="17"/>
        <line num="41" type="stmt" count="13"/>
        <line num="43" type="stmt" count="17"/>
        <line num="44" type="stmt" count="4"/>
        <line num="46" type="stmt" count="17"/>
        <line num="47" type="stmt" count="4"/>
        <line num="49" type="stmt" count="17"/>
        <line num="55" type="method" name="process" visibility="public" complexity="11" crap="11" count="17"/>
        <line num="57" type="stmt" count="17"/>
        <line num="58" type="stmt" count="2"/>
        <line num="62" type="stmt" count="15"/>
        <line num="63" type="stmt" count="2"/>
        <line num="66" type="stmt" count="13"/>
        <line num="67" type="stmt" count="4"/>
        <line num="68" type="stmt" count="2"/>
        <line num="70" type="stmt" count="2"/>
        <line num="74" type="stmt" count="9"/>
        <line num="75" type="stmt" count="4"/>
        <line num="76" type="stmt" count="3"/>
        <line num="78" type="stmt" count="1"/>
        <line num="82" type="stmt" count="5"/>
        <line num="84" type="stmt" count="5"/>
        <line num="85" type="stmt" count="3"/>
        <line num="88" type="stmt" count="5"/>
        <line num="89" type="stmt" count="3"/>
        <line num="92" type="stmt" count="5"/>
        <line num="101" type="method" name="parseFileSize" visibility="private" complexity="4" crap="4.02" count="15"/>
        <line num="103" type="stmt" count="15"/>
        <line num="104" type="stmt" count="11"/>
        <line num="107" type="stmt" count="4"/>
        <line num="108" type="stmt" count="0"/>
        <line num="111" type="stmt" count="4"/>
        <line num="112" type="stmt" count="4"/>
        <line num="113" type="stmt" count="4"/>
        <line num="115" type="stmt" count="4"/>
        <line num="116" type="stmt" count="4"/>
        <line num="119" type="stmt" count="4"/>
        <line num="127" type="method" name="isFileValid" visibility="private" complexity="3" crap="3.07" count="9"/>
        <line num="129" type="stmt" count="9"/>
        <line num="130" type="stmt" count="4"/>
        <line num="132" type="stmt" count="5"/>
        <line num="133" type="stmt" count="0"/>
        <line num="135" type="stmt" count="5"/>
        <line num="142" type="method" name="validateMin" visibility="private" complexity="2" crap="2" count="5"/>
        <line num="144" type="stmt" count="5"/>
        <line num="145" type="stmt" count="3"/>
        <line num="147" type="stmt" count="2"/>
        <line num="155" type="method" name="validateMax" visibility="private" complexity="2" crap="2" count="5"/>
        <line num="157" type="stmt" count="5"/>
        <line num="158" type="stmt" count="3"/>
        <line num="160" type="stmt" count="2"/>
        <line num="167" type="method" name="messages" visibility="protected" complexity="1" crap="1" count="17"/>
        <line num="170" type="stmt" count="17"/>
        <line num="171" type="stmt" count="17"/>
        <line num="172" type="stmt" count="17"/>
        <line num="173" type="stmt" count="17"/>
        <line num="174" type="stmt" count="17"/>
        <line num="175" type="stmt" count="17"/>
        <line num="176" type="stmt" count="17"/>
        <line num="177" type="stmt" count="17"/>
        <line num="178" type="stmt" count="17"/>
        <metrics loc="181" ncloc="136" classes="1" methods="7" coveredmethods="5" conditionals="0" coveredconditionals="0" statements="57" coveredstatements="55" elements="64" coveredelements="60"/>
      </file>
      <file name="/Users/mat/Web/untitled folder/charcoal-validator/src/FiletypeRule.php">
        <class name="Charcoal\Validator\FiletypeRule" namespace="Charcoal\Validator">
          <metrics complexity="19" methods="4" coveredmethods="3" conditionals="0" coveredconditionals="0" statements="35" coveredstatements="34" elements="39" coveredelements="37"/>
        </class>
        <line num="33" type="method" name="__construct" visibility="public" complexity="6" crap="6" count="16"/>
        <line num="35" type="stmt" count="16"/>
        <line num="36" type="stmt" count="14"/>
        <line num="37" type="stmt" count="1"/>
        <line num="38" type="stmt" count="13"/>
        <line num="39" type="stmt" count="12"/>
        <line num="41" type="stmt" count="1"/>
        <line num="42" type="stmt" count="1"/>
        <line num="46" type="stmt" count="15"/>
        <line num="47" type="stmt" count="5"/>
        <line num="49" type="stmt" count="15"/>
        <line num="50" type="stmt" count="3"/>
        <line num="52" type="stmt" count="15"/>
        <line num="58" type="method" name="process" visibility="public" complexity="9" crap="9" count="15"/>
        <line num="60" type="stmt" count="15"/>
        <line num="61" type="stmt" count="2"/>
        <line num="65" type="stmt" count="13"/>
        <line num="66" type="stmt" count="2"/>
        <line num="69" type="stmt" count="11"/>
        <line num="70" type="stmt" count="4"/>
        <line num="71" type="stmt" count="2"/>
        <line num="73" type="stmt" count="2"/>
        <line num="77" type="stmt" count="7"/>
        <line num="78" type="stmt" count="4"/>
        <line num="79" type="stmt" count="2"/>
        <line num="81" type="stmt" count="2"/>
        <line num="85" type="stmt" count="3"/>
        <line num="87" type="stmt" count="3"/>
        <line num="88" type="stmt" count="3"/>
        <line num="89" type="stmt" count="3"/>
        <line num="92" type="stmt" count="3"/>
        <line num="98" type="method" name="messages" visibility="protected" complexity="1" crap="1" count="15"/>
        <line num="101" type="stmt" count="15"/>
        <line num="113" type="method" name="isFileValid" visibility="private" complexity="3" crap="3.07" count="7"/>
        <line num="115" type="stmt" count="7"/>
        <line num="116" type="stmt" count="4"/>
        <line num="118" type="stmt" count="3"/>
        <line num="119" type="stmt" count="0"/>
        <line num="121" type="stmt" count="3"/>
        <metrics loc="123" ncloc="95" classes="1" methods="4" coveredmethods="3" conditionals="0" coveredconditionals="0" statements="35" coveredstatements="34" elements="39" coveredelements="37"/>
      </file>
      <file name="/Users/mat/Web/untitled folder/charcoal-validator/src/LengthRule.php">
        <class name="Charcoal\Validator\LengthRule" namespace="Charcoal\Validator">
          <metrics complexity="20" methods="5" coveredmethods="5" conditionals="0" coveredconditionals="0" statements="35" coveredstatements="35" elements="40" coveredelements="40"/>
        </class>
        <line num="37" type="method" name="__construct" visibility="public" complexity="4" crap="4" count="12"/>
        <line num="39" type="stmt" count="12"/>
        <line num="40" type="stmt" count="8"/>
        <line num="42" type="stmt" count="12"/>
        <line num="43" type="stmt" count="8"/>
        <line num="45" type="stmt" count="12"/>
        <line num="46" type="stmt" count="1"/>
        <line num="48" type="stmt" count="12"/>
        <line num="54" type="method" name="process" visibility="public" complexity="9" crap="9" count="12"/>
        <line num="56" type="stmt" count="12"/>
        <line num="57" type="stmt" count="2"/>
        <line num="61" type="stmt" count="10"/>
        <line num="62" type="stmt" count="2"/>
        <line num="66" type="stmt" count="8"/>
        <line num="67" type="stmt" count="2"/>
        <line num="70" type="stmt" count="6"/>
        <line num="72" type="stmt" count="6"/>
        <line num="73" type="stmt" count="4"/>
        <line num="76" type="stmt" count="6"/>
        <line num="77" type="stmt" count="4"/>
        <line num="80" type="stmt" count="6"/>
        <line num="87" type="method" name="validateMin" visibility="private" complexity="3" crap="3" count="6"/>
        <line num="89" type="stmt" count="6"/>
        <line num="90" type="stmt" count="4"/>
        <line num="91" type="stmt" count="3"/>
        <line num="93" type="stmt" count="1"/>
        <line num="96" type="stmt" count="2"/>
        <line num="104" type="method" name="validateMax" visibility="private" complexity="3" crap="3" count="6"/>
        <line num="106" type="stmt" count="6"/>
        <line num="107" type="stmt" count="4"/>
        <line num="108" type="stmt" count="3"/>
        <line num="110" type="stmt" count="1"/>
        <line num="113" type="stmt" count="2"/>
        <line num="120" type="method" name="messages" visibility="protected" complexity="1" crap="1" count="12"/>
        <line num="123" type="stmt" count="12"/>
        <line num="124" type="stmt" count="12"/>
        <line num="125" type="stmt" count="12"/>
        <line num="126" type="stmt" count="12"/>
        <line num="127" type="stmt" count="12"/>
        <line num="128" type="stmt" count="12"/>
        <metrics loc="131" ncloc="90" classes="1" methods="5" coveredmethods="5" conditionals="0" coveredconditionals="0" statements="35" coveredstatements="35" elements="40" coveredelements="40"/>
      </file>
      <file name="/Users/mat/Web/untitled folder/charcoal-validator/src/NullRule.php">
        <class name="Charcoal\Validator\NullRule" namespace="Charcoal\Validator">
          <metrics complexity="9" methods="5" coveredmethods="5" conditionals="0" coveredconditionals="0" statements="13" coveredstatements="13" elements="18" coveredelements="18"/>
        </class>
        <line num="21" type="method" name="__construct" visibility="public" complexity="2" crap="2" count="7"/>
        <line num="23" type="stmt" count="7"/>
        <line num="24" type="stmt" count="2"/>
        <line num="26" type="stmt" count="7"/>
        <line num="32" type="method" name="process" visibility="public" complexity="2" crap="2" count="7"/>
        <line num="34" type="stmt" count="7"/>
        <line num="35" type="stmt" count="2"/>
        <line num="37" type="stmt" count="5"/>
        <line num="45" type="method" name="validateIsNull" visibility="protected" complexity="2" crap="2" count="2"/>
        <line num="47" type="stmt" count="2"/>
        <line num="48" type="stmt" count="2"/>
        <line num="50" type="stmt" count="2"/>
        <line num="58" type="method" name="validateIsNotNull" visibility="protected" complexity="2" crap="2" count="5"/>
        <line num="60" type="stmt" count="5"/>
        <line num="61" type="stmt" count="4"/>
        <line num="63" type="stmt" count="4"/>
        <line num="70" type="method" name="messages" visibility="protected" complexity="1" crap="1" count="7"/>
        <line num="73" type="stmt" count="7"/>
        <metrics loc="79" ncloc="54" classes="1" methods="5" coveredmethods="5" conditionals="0" coveredconditionals="0" statements="13" coveredstatements="13" elements="18" coveredelements="18"/>
      </file>
      <file name="/Users/mat/Web/untitled folder/charcoal-validator/src/NumberRule.php">
        <class name="Charcoal\Validator\NumberRule" namespace="Charcoal\Validator">
          <metrics complexity="18" methods="3" coveredmethods="2" conditionals="0" coveredconditionals="0" statements="37" coveredstatements="36" elements="40" coveredelements="38"/>
        </class>
        <line num="42" type="method" name="__construct" visibility="public" complexity="6" crap="6" count="11"/>
        <line num="44" type="stmt" count="11"/>
        <line num="45" type="stmt" count="7"/>
        <line num="46" type="stmt" count="1"/>
        <line num="47" type="stmt" count="1"/>
        <line num="50" type="stmt" count="6"/>
        <line num="52" type="stmt" count="10"/>
        <line num="53" type="stmt" count="7"/>
        <line num="54" type="stmt" count="1"/>
        <line num="55" type="stmt" count="1"/>
        <line num="58" type="stmt" count="6"/>
        <line num="60" type="stmt" count="9"/>
        <line num="61" type="stmt" count="1"/>
        <line num="63" type="stmt" count="9"/>
        <line num="69" type="method" name="process" visibility="public" complexity="11" crap="11.02" count="9"/>
        <line num="71" type="stmt" count="9"/>
        <line num="72" type="stmt" count="1"/>
        <line num="76" type="stmt" count="8"/>
        <line num="77" type="stmt" count="2"/>
        <line num="80" type="stmt" count="7"/>
        <line num="81" type="stmt" count="1"/>
        <line num="82" type="stmt" count="0"/>
        <line num="84" type="stmt" count="1"/>
        <line num="88" type="stmt" count="6"/>
        <line num="89" type="stmt" count="4"/>
        <line num="90" type="stmt" count="4"/>
        <line num="91" type="stmt" count="4"/>
        <line num="95" type="stmt" count="5"/>
        <line num="96" type="stmt" count="3"/>
        <line num="97" type="stmt" count="3"/>
        <line num="98" type="stmt" count="3"/>
        <line num="102" type="stmt" count="5"/>
        <line num="108" type="method" name="messages" visibility="protected" complexity="1" crap="1" count="9"/>
        <line num="111" type="stmt" count="9"/>
        <line num="112" type="stmt" count="9"/>
        <line num="113" type="stmt" count="9"/>
        <line num="114" type="stmt" count="9"/>
        <line num="115" type="stmt" count="9"/>
        <line num="116" type="stmt" count="9"/>
        <line num="117" type="stmt" count="9"/>
        <metrics loc="120" ncloc="86" classes="1" methods="3" coveredmethods="2" conditionals="0" coveredconditionals="0" statements="37" coveredstatements="36" elements="40" coveredelements="38"/>
      </file>
      <file name="/Users/mat/Web/untitled folder/charcoal-validator/src/PatternRule.php">
        <class name="Charcoal\Validator\PatternRule" namespace="Charcoal\Validator">
          <metrics complexity="11" methods="3" coveredmethods="3" conditionals="0" coveredconditionals="0" statements="15" coveredstatements="15" elements="18" coveredelements="18"/>
        </class>
        <line num="21" type="method" name="__construct" visibility="public" complexity="2" crap="2" count="8"/>
        <line num="23" type="stmt" count="8"/>
        <line num="24" type="stmt" count="6"/>
        <line num="26" type="stmt" count="8"/>
        <line num="32" type="method" name="process" visibility="public" complexity="8" crap="8" count="8"/>
        <line num="34" type="stmt" count="8"/>
        <line num="35" type="stmt" count="2"/>
        <line num="39" type="stmt" count="6"/>
        <line num="40" type="stmt" count="2"/>
        <line num="43" type="stmt" count="4"/>
        <line num="44" type="stmt" count="2"/>
        <line num="47" type="stmt" count="2"/>
        <line num="49" type="stmt" count="2"/>
        <line num="51" type="stmt" count="2"/>
        <line num="52" type="stmt" count="2"/>
        <line num="54" type="stmt" count="2"/>
        <line num="61" type="method" name="messages" visibility="protected" complexity="1" crap="1" count="8"/>
        <line num="64" type="stmt" count="8"/>
        <metrics loc="71" ncloc="53" classes="1" methods="3" coveredmethods="3" conditionals="0" coveredconditionals="0" statements="15" coveredstatements="15" elements="18" coveredelements="18"/>
      </file>
      <file name="/Users/mat/Web/untitled folder/charcoal-validator/src/Result.php">
        <class name="Charcoal\Validator\Result" namespace="Charcoal\Validator">
          <metrics complexity="7" methods="7" coveredmethods="5" conditionals="0" coveredconditionals="0" statements="12" coveredstatements="10" elements="19" coveredelements="15"/>
        </class>
        <line num="41" type="method" name="__construct" visibility="public" complexity="1" crap="1" count="170"/>
        <line num="43" type="stmt" count="170"/>
        <line num="44" type="stmt" count="170"/>
        <line num="45" type="stmt" count="170"/>
        <line num="46" type="stmt" count="170"/>
        <line num="51" type="method" name="getType" visibility="public" complexity="1" crap="2.00" count="0"/>
        <line num="53" type="stmt" count="0"/>
        <line num="59" type="method" name="getCode" visibility="public" complexity="1" crap="1" count="79"/>
        <line num="61" type="stmt" count="79"/>
        <line num="67" type="method" name="getMessage" visibility="public" complexity="1" crap="2.00" count="0"/>
        <line num="69" type="stmt" count="0"/>
        <line num="75" type="method" name="isValid" visibility="public" complexity="1" crap="1" count="71"/>
        <line num="77" type="stmt" count="71"/>
        <line num="83" type="method" name="isSkipped" visibility="public" complexity="1" crap="1" count="20"/>
        <line num="85" type="stmt" count="20"/>
        <line num="93" type="method" name="jsonSerialize" visibility="public" complexity="1" crap="1" count="1"/>
        <line num="96" type="stmt" count="1"/>
        <line num="97" type="stmt" count="1"/>
        <line num="98" type="stmt" count="1"/>
        <metrics loc="101" ncloc="64" classes="1" methods="7" coveredmethods="5" conditionals="0" coveredconditionals="0" statements="12" coveredstatements="10" elements="19" coveredelements="15"/>
      </file>
      <file name="/Users/mat/Web/untitled folder/charcoal-validator/src/Rule.php">
        <class name="Charcoal\Validator\Rule" namespace="Charcoal\Validator">
          <metrics complexity="8" methods="5" coveredmethods="5" conditionals="0" coveredconditionals="0" statements="14" coveredstatements="14" elements="19" coveredelements="19"/>
        </class>
        <line num="18" type="method" name="__invoke" visibility="public" complexity="1" crap="1" count="169"/>
        <line num="20" type="stmt" count="169"/>
        <line num="36" type="method" name="failure" visibility="protected" complexity="1" crap="1" count="100"/>
        <line num="38" type="stmt" count="100"/>
        <line num="39" type="stmt" count="100"/>
        <line num="41" type="stmt" count="100"/>
        <line num="51" type="method" name="success" visibility="protected" complexity="1" crap="1" count="68"/>
        <line num="53" type="stmt" count="68"/>
        <line num="54" type="stmt" count="68"/>
        <line num="56" type="stmt" count="68"/>
        <line num="68" type="method" name="skip" visibility="protected" complexity="1" crap="1" count="39"/>
        <line num="70" type="stmt" count="39"/>
        <line num="71" type="stmt" count="39"/>
        <line num="73" type="stmt" count="39"/>
        <line num="87" type="method" name="getMessageForCode" visibility="private" complexity="2" crap="2" count="169"/>
        <line num="89" type="stmt" count="169"/>
        <line num="90" type="stmt" count="169"/>
        <line num="91" type="stmt" count="163"/>
        <line num="93" type="stmt" count="6"/>
        <metrics loc="96" ncloc="55" classes="1" methods="5" coveredmethods="5" conditionals="0" coveredconditionals="0" statements="14" coveredstatements="14" elements="19" coveredelements="19"/>
      </file>
      <file name="/Users/mat/Web/untitled folder/charcoal-validator/src/UrlRule.php">
        <class name="Charcoal\Validator\UrlRule" namespace="Charcoal\Validator">
          <metrics complexity="6" methods="2" coveredmethods="2" conditionals="0" coveredconditionals="0" statements="8" coveredstatements="8" elements="10" coveredelements="10"/>
        </class>
        <line num="16" type="method" name="process" visibility="public" complexity="5" crap="5" count="18"/>
        <line num="19" type="stmt" count="18"/>
        <line num="20" type="stmt" count="2"/>
        <line num="23" type="stmt" count="16"/>
        <line num="24" type="stmt" count="2"/>
        <line num="27" type="stmt" count="14"/>
        <line num="28" type="stmt" count="4"/>
        <line num="31" type="stmt" count="10"/>
        <line num="38" type="method" name="messages" visibility="public" complexity="1" crap="1" count="18"/>
        <line num="41" type="stmt" count="18"/>
        <metrics loc="47" ncloc="35" classes="1" methods="2" coveredmethods="2" conditionals="0" coveredconditionals="0" statements="8" coveredstatements="8" elements="10" coveredelements="10"/>
      </file>
      <file name="/Users/mat/Web/untitled folder/charcoal-validator/src/Validation.php">
        <class name="Charcoal\Validator\Validation" namespace="Charcoal\Validator">
          <metrics complexity="28" methods="6" coveredmethods="3" conditionals="0" coveredconditionals="0" statements="39" coveredstatements="16" elements="45" coveredelements="19"/>
        </class>
        <line num="21" type="method" name="__construct" visibility="public" complexity="1" crap="1" count="3"/>
        <line num="23" type="stmt" count="3"/>
        <line num="24" type="stmt" count="3"/>
        <line num="25" type="stmt" count="3"/>
        <line num="26" type="stmt" count="3"/>
        <line num="32" type="method" name="results" visibility="public" complexity="11" crap="132.00" count="0"/>
        <line num="39" type="stmt" count="0"/>
        <line num="40" type="stmt" count="0"/>
        <line num="42" type="stmt" count="0"/>
        <line num="43" type="stmt" count="0"/>
        <line num="45" type="stmt" count="0"/>
        <line num="46" type="stmt" count="0"/>
        <line num="48" type="stmt" count="0"/>
        <line num="49" type="stmt" count="0"/>
        <line num="50" type="stmt" count="0"/>
        <line num="51" type="stmt" count="0"/>
        <line num="52" type="stmt" count="0"/>
        <line num="53" type="stmt" count="0"/>
        <line num="54" type="stmt" count="0"/>
        <line num="55" type="stmt" count="0"/>
        <line num="58" type="stmt" count="0"/>
        <line num="60" type="stmt" count="0"/>
        <line num="69" type="method" name="isValid" visibility="public" complexity="12" crap="26.16" count="3"/>
        <line num="71" type="stmt" count="3"/>
        <line num="72" type="stmt" count="2"/>
        <line num="73" type="stmt" count="2"/>
        <line num="74" type="stmt" count="1"/>
        <line num="78" type="stmt" count="2"/>
        <line num="79" type="stmt" count="0"/>
        <line num="80" type="stmt" count="0"/>
        <line num="81" type="stmt" count="0"/>
        <line num="85" type="stmt" count="2"/>
        <line num="86" type="stmt" count="0"/>
        <line num="87" type="stmt" count="0"/>
        <line num="88" type="stmt" count="0"/>
        <line num="92" type="stmt" count="2"/>
        <line num="98" type="method" name="jsonSerialize" visibility="public" complexity="1" crap="2.00" count="0"/>
        <line num="100" type="stmt" count="0"/>
        <line num="107" type="method" name="addResults" visibility="private" complexity="2" crap="2" count="3"/>
        <line num="109" type="stmt" count="3"/>
        <line num="110" type="stmt" count="2"/>
        <line num="112" type="stmt" count="3"/>
        <line num="118" type="method" name="addResult" visibility="private" complexity="1" crap="1" count="2"/>
        <line num="120" type="stmt" count="2"/>
        <line num="121" type="stmt" count="2"/>
        <metrics loc="122" ncloc="94" classes="1" methods="6" coveredmethods="3" conditionals="0" coveredconditionals="0" statements="39" coveredstatements="16" elements="45" coveredelements="19"/>
      </file>
      <file name="/Users/mat/Web/untitled folder/charcoal-validator/src/Validator.php">
        <class name="Charcoal\Validator\Validator" namespace="Charcoal\Validator">
          <metrics complexity="8" methods="5" coveredmethods="5" conditionals="0" coveredconditionals="0" statements="19" coveredstatements="19" elements="24" coveredelements="24"/>
        </class>
        <line num="26" type="method" name="__construct" visibility="public" complexity="1" crap="1" count="3"/>
        <line num="28" type="stmt" count="3"/>
        <line num="29" type="stmt" count="3"/>
        <line num="30" type="stmt" count="3"/>
        <line num="31" type="stmt" count="3"/>
        <line num="32" type="stmt" count="3"/>
        <line num="38" type="method" name="__invoke" visibility="public" complexity="1" crap="1" count="3"/>
        <line num="40" type="stmt" count="3"/>
        <line num="47" type="method" name="validate" visibility="public" complexity="1" crap="1" count="3"/>
        <line num="49" type="stmt" count="3"/>
        <line num="50" type="stmt" count="3"/>
        <line num="51" type="stmt" count="3"/>
        <line num="52" type="stmt" count="3"/>
        <line num="61" type="method" name="processRules" visibility="protected" complexity="3" crap="3" count="3"/>
        <line num="63" type="stmt" count="3"/>
        <line num="64" type="stmt" count="3"/>
        <line num="66" type="stmt" count="2"/>
        <line num="67" type="stmt" count="2"/>
        <line num="68" type="stmt" count="2"/>
        <line num="70" type="stmt" count="2"/>
        <line num="78" type="method" name="addRules" visibility="private" complexity="2" crap="2" count="3"/>
        <line num="80" type="stmt" count="3"/>
        <line num="81" type="stmt" count="2"/>
        <line num="83" type="stmt" count="3"/>
        <metrics loc="84" ncloc="55" classes="1" methods="5" coveredmethods="5" conditionals="0" coveredconditionals="0" statements="19" coveredstatements="19" elements="24" coveredelements="24"/>
      </file>
    </package>
    <file name="/Users/mat/Web/untitled folder/charcoal-validator/src/RuleInterface.php">
      <metrics loc="25" ncloc="12" classes="0" methods="0" coveredmethods="0" conditionals="0" coveredconditionals="0" statements="0" coveredstatements="0" elements="0" coveredelements="0"/>
    </file>
    <metrics files="15" loc="1481" ncloc="1039" classes="14" methods="66" coveredmethods="57" conditionals="0" coveredconditionals="0" statements="354" coveredstatements="325" elements="420" coveredelements="382"/>
  </project>
</coverage>
